INFO:root:Display top 10 rows of data for XAUUSD with a date range from 01-01-2002 to 31-12-2020
INFO:root:Display top 10 rows of data for XAUUSD with a date range from 01-01-2002 to 31-12-2020
INFO:root:Display top 10 rows of data for XAUUSD with a date range from 01-01-2002 to 31-12-2020
INFO:root:Display top 10 rows of data for XAUUSD with a date range from 01-01-2002 to 31-12-2020
INFO:root:Display top 10 rows of data for XAUUSD with a date range from 01-01-2002 to 31-12-2020
INFO:root:Display top 10 rows of data for XAUUSD with a date range from 01-01-2002 to 31-12-2020
INFO:root:Display top 10 rows of data for XAUUSD with a date range from 01-01-2002 to 31-12-2020
INFO:root:Display top 10 rows of data for XAUUSD with a date range from 01-01-2002 to 31-12-2020
INFO:root:Display top 10 rows of data for XAUUSD with a date range from 01-01-2002 to 31-12-2020
INFO:root:Display top 10 rows of data for XAUUSD with a date range from 01-01-2002 to 31-12-2020
INFO:root:Display top 10 rows of data for XAUUSD with a date range from 01-01-2002 to 31-12-2020
INFO:root:Display top 10 rows of data for XAUUSD with a date range from 01-01-2002 to 31-12-2020
INFO:root:Display top 10 rows of data for XAUUSD with a date range from 01-01-2002 to 31-12-2020
INFO:root:Display top 10 rows of data for XAUUSD with a date range from 01-01-2002 to 31-12-2020
INFO:root:Display top 10 rows of data for XAUUSD with a date range from 01-01-2002 to 31-12-2020
INFO:root:Display top 10 rows of data for XAUUSD with a date range from 01-01-2002 to 31-12-2020
INFO:root:Display top 10 rows of data for XAUUSD with a date range from 01-01-2002 to 31-12-2020
INFO:root:Display top 10 rows of data for XAUUSD with a date range from 01-01-2002 to 31-12-2020
INFO:root:Display top 10 rows of data for XAUUSD with a date range from 01-01-2002 to 31-12-2020
INFO:root:Program started at 2023-01-29 21:00:34.487376
INFO:root:Display top 10 rows of data for XAUUSD with a date range from 01-01-2002 to 31-12-2020
INFO:root:Start inserting data into goldtest2
INFO:root:Data insertion completed at 2023-01-29 21:00:37.700772
INFO:root:Program completed successfully.
INFO:root:Program started at 2023-01-29 21:01:37.053245
INFO:root:Display top 10 rows of data for XAUUSD with a date range from 01-01-2002 to 31-12-2020
INFO:root:Start inserting data into goldtest2
INFO:root:Data insertion completed at 2023-01-29 21:01:40.185676
INFO:root:Program completed successfully.
INFO:root:Display top 10 rows of data for XAUUSD with a date range from 01-01-2002 to 31-12-2020
INFO:root:Display top 10 rows of data for XAUUSD with a date range from 01-01-2002 to 31-12-2020
INFO:root:Program started at 2023-01-29 23:25:03.813462
INFO:root:Display top 10 rows of data for XAUUSD with a date range from 01-01-2002 to 31-12-2020
INFO:root:Start inserting data into goldtest2
INFO:root:Data insertion completed at 2023-01-29 23:25:06.979390
INFO:root:Program completed successfully.
INFO:root:Program started at 2023-01-29 23:26:30.182549
INFO:root:Display top 10 rows of data for XAUUSD with a date range from 01-01-2002 to 31-12-2020
INFO:root:Start inserting data into goldtest2
INFO:root:Data insertion completed at 2023-01-29 23:26:33.347026
INFO:root:Program completed successfully.
INFO:root:Program started at 2023-01-30 15:01:15.233659
INFO:root:New directory is created
INFO:root:Display top 10 rows of data for XAUUSD with a date range from 01-01-2002 to 31-12-2020
INFO:root:Start inserting data into goldtest2
INFO:root:Data insertion completed at 2023-01-30 15:01:21.930526
INFO:root:Program completed successfully.
INFO:root:Program started at 2023-01-30 15:03:09.881478
INFO:root:Data Saved to the directory:../data
INFO:root:Display top 10 rows of data for XAUUSD with a date range from 01-01-2002 to 31-12-2020
INFO:root:Start inserting data into goldtest2
INFO:root:Data insertion completed at 2023-01-30 15:03:13.203363
INFO:root:Program completed successfully.
INFO:root:Program started at 2023-01-30 15:03:44.322548
INFO:root:Data Saved to the directory:: ../data
INFO:root:Display top 10 rows of data for XAUUSD with a date range from 01-01-2002 to 31-12-2020
INFO:root:Start inserting data into goldtest2
INFO:root:Data insertion completed at 2023-01-30 15:03:47.729434
INFO:root:Program completed successfully.
INFO:root:Program started at 2023-01-30 15:06:07.465137
INFO:root:Program started at 2023-01-30 15:56:07.619027
INFO:root:Data Saved to the directory:: ../data
INFO:root:Display top 10 rows of data for XAUUSD with a date range from 01-01-2002 to 31-12-2020
INFO:root:Start inserting data into goldtest2
INFO:root:Data insertion completed at 2023-01-30 15:56:10.927947
INFO:root:Program completed successfully.
INFO:root:Program started at 2023-01-30 16:03:27.984298
INFO:root:Program started at 2023-01-30 16:04:14.706605
INFO:root:Data Saved to the directory:: ../data
INFO:root:Display top 10 rows of data for XAUUSD with a date range from 01-01-2002 to 31-12-2020
INFO:root:Start inserting data into goldtest2
INFO:root:Data insertion completed at 2023-01-30 16:04:17.631758
INFO:root:Program completed successfully.
INFO:root:Program started at 2023-01-30 16:08:48.957946
INFO:root:Data Saved to the directory:: ../data
INFO:root:Display top 10 rows of data for XAUUSD with a date range from 01-01-2002 to 31-12-2020
INFO:root:Start inserting data into goldtest2
INFO:root:Data insertion completed at 2023-01-30 16:08:51.746607
INFO:root:Program completed successfully.
INFO:root:Program started at 2023-01-30 16:14:02.579994
INFO:root:Data Saved to the directory:: ../data
INFO:root:Display top 10 rows of data for XAUUSD with a date range from 01-01-2002 to 31-12-2020
INFO:root:Start inserting data into goldtest2
INFO:root:Data insertion completed at 2023-01-30 16:14:05.684429
INFO:root:Program completed successfully.
INFO:root:Data Saved to the directory:: ../data
INFO:root:Display top 10 rows of data for XAUUSD with a date range from 01-01-2002 to 31-12-2022
INFO:root:Data Saved to the directory:: ../data
INFO:root:Display top 10 rows of data for XAUUSD with a date range from 01-01-2002 to 31-12-2020
INFO:root:Data Saved to the directory:: ../data
INFO:root:Display top 10 rows of data for XAUUSD with a date range from 01-01-2002 to 31-12-2020
INFO:root:Data Saved to the directory:: ../data
INFO:root:Display top 10 rows of data for XAUUSD with a date range from 01-01-2002 to 31-12-2020
INFO:root:Data Saved to the directory:: ../data
INFO:root:Display top 10 rows of data for XAUUSD with a date range from 01-01-2002 to 31-12-2020
INFO:root:Data Saved to the directory:: ../data
INFO:root:Display top 10 rows of data for XAUUSD with a date range from 01-01-2002 to 31-12-2020
INFO:root:Program started at 2023-01-30 18:17:17.038025
INFO:root:Program started at 2023-01-30 18:18:00.566157
INFO:root:Data Saved to the directory:: ../data
INFO:root:Display top 10 rows of data for XAUUSD with a date range from 01-01-2002 to 31-12-2020
INFO:root:Start inserting data into goldtest2
INFO:root:Data insertion completed at 2023-01-30 18:18:03.329476
INFO:root:Program completed successfully.
INFO:root:Program started at 2023-01-30 18:18:24.819788
INFO:root:Data Saved to the directory:: ../data
INFO:root:Display top 10 rows of data for XAUUSD with a date range from 01-01-2002 to 31-12-2020
INFO:root:Start inserting data into goldtest2
INFO:root:Data insertion completed at 2023-01-30 18:18:27.580032
INFO:root:Program completed successfully.
INFO:root:Program started at 2023-01-30 18:27:48.092797
INFO:root:Data Saved to the directory:: ../data
INFO:root:Display top 10 rows of data for XAUUSD with a date range from 01-01-2002 to 31-12-2020
INFO:root:Start inserting data into goldtest2
INFO:root:Data insertion completed at 2023-01-30 18:27:50.851263
INFO:root:Program completed successfully.
INFO:root:Program started at 2023-01-30 18:29:38.729882
INFO:root:Program started at 2023-01-30 18:30:13.066761
INFO:root:Data Saved to the directory:: ../data
INFO:root:Display top 10 rows of data for XAUUSD with a date range from 01-01-2002 to 31-12-2020
INFO:root:Start inserting data into D1
INFO:root:Data insertion completed at 2023-01-30 18:30:15.829586
INFO:root:Program completed successfully.
INFO:root:Program started at 2023-01-30 18:33:19.992690
INFO:root:Program started at 2023-01-30 18:34:07.912751
INFO:root:Data Saved to the directory:: ../data
INFO:root:Display top 10 rows of data for XAUUSD with a date range from 01-01-2002 to 31-12-2020
INFO:root:Start inserting data into goldtest3
INFO:root:Data insertion completed at 2023-01-30 18:34:10.679519
INFO:root:Program completed successfully.
INFO:root:Program started at 2023-01-30 18:43:43.395916
INFO:root:Program started at 2023-01-30 18:44:32.304612
INFO:root:Data Saved to the directory:: ../data
INFO:root:Display top 10 rows of data for XAUUSD with a date range from 01-01-2002 to 31-12-2020
INFO:root:Start inserting data into Daily
INFO:root:Data insertion completed at 2023-01-30 18:44:35.199491
INFO:root:Program completed successfully.
INFO:root:Program started at 2023-01-30 21:46:59.952384
INFO:root:Program started at 2023-01-30 21:47:22.104932
INFO:root:Data Saved to the directory:: ../data
INFO:root:Display top 10 rows of data for XAUUSD with a date range from 01-01-2002 to 31-12-2020
INFO:root:Start inserting data into Daily
INFO:root:Data insertion completed at 2023-01-30 21:47:27.099631
INFO:root:Program completed successfully.
INFO:root:Program started at 2023-01-30 21:51:00.333791
INFO:root:Program started at 2023-01-30 21:51:25.579459
INFO:root:Data Saved to the directory:: ../data
INFO:root:Display top 10 rows of data for XAUUSD with a date range from 01-01-2002 to 31-12-2020
INFO:root:Start inserting data into daily
INFO:root:Data insertion completed at 2023-01-30 21:51:32.076074
INFO:root:Program completed successfully.
INFO:root:Program started at 2023-01-30 22:28:45.349124
INFO:root:Program started at 2023-01-30 22:29:07.462392
INFO:root:Data Saved to the directory:: ../data
INFO:root:Display top 10 rows of data for XAUUSD with a date range from 01-01-2002 to 31-12-2020
INFO:root:Start inserting data into XAUUSD_daily
INFO:root:Data insertion completed at 2023-01-30 22:29:12.576785
INFO:root:Program completed successfully.
INFO:root:Program started at 2023-01-30 22:32:05.865300
INFO:root:Data Saved to the directory:: ../data
INFO:root:Display top 10 rows of data for XAUUSD with a date range from 01-01-2002 to 31-12-2020
INFO:root:Start inserting data into XAUUSD_daily
INFO:root:Data insertion completed at 2023-01-30 22:32:10.959724
INFO:root:Program completed successfully.
INFO:root:Program started at 2023-01-30 22:32:18.530574
INFO:root:Data Saved to the directory:: ../data
INFO:root:Display top 10 rows of data for XAUUSD with a date range from 01-01-2002 to 31-12-2020
INFO:root:Start inserting data into XAUUSD_daily
INFO:root:Data insertion completed at 2023-01-30 22:32:23.580857
INFO:root:Program completed successfully.
INFO:root:Program started at 2023-01-30 22:34:36.621780
INFO:root:Data Saved to the directory:: ../data
INFO:root:Display top 10 rows of data for XAUUSD with a date range from 01-01-2002 to 31-12-2020
INFO:root:Start inserting data into XAUUSD+daily
INFO:root:Data insertion completed at 2023-01-30 22:34:37.898716
INFO:root:Program completed successfully.
INFO:root:Program started at 2023-01-30 22:35:23.787921
INFO:root:Data Saved to the directory:: ../data
INFO:root:Display top 10 rows of data for XAUUSD with a date range from 01-01-2002 to 31-12-2020
INFO:root:Start inserting data into XAUUSDdaily
INFO:root:Data insertion completed at 2023-01-30 22:35:25.399977
INFO:root:Program completed successfully.
INFO:root:Program started at 2023-01-30 22:45:25.651260
INFO:root:Data Saved to the directory:: ../data
INFO:root:Display top 10 rows of data for XAUUSD with a date range from 01-01-2002 to 31-12-2020
INFO:root:Start inserting data into XAUUSD
INFO:root:Data insertion completed at 2023-01-30 22:45:27.238022
INFO:root:Program completed successfully.
INFO:root:Program started at 2023-01-30 22:47:36.137068
INFO:root:Data Saved to the directory:: ../data
INFO:root:Display top 10 rows of data for XAUUSD with a date range from 01-01-2002 to 31-12-2020
INFO:root:Start inserting data into xauusd
INFO:root:Data insertion completed at 2023-01-30 22:47:37.728257
INFO:root:Program completed successfully.
INFO:root:Program started at 2023-01-30 22:48:20.670553
INFO:root:Data Saved to the directory:: ../data
INFO:root:Display top 10 rows of data for XAUUSD with a date range from 01-01-2002 to 31-12-2020
INFO:root:Start inserting data into xauusddaily
INFO:root:Data insertion completed at 2023-01-30 22:48:22.264182
INFO:root:Program completed successfully.
INFO:root:Program started at 2023-01-30 22:49:17.683032
INFO:root:Data Saved to the directory:: ../data
INFO:root:Display top 10 rows of data for XAUUSD with a date range from 01-01-2002 to 31-12-2020
INFO:root:Start inserting data into xauusd_daily
INFO:root:Data insertion completed at 2023-01-30 22:49:19.289348
INFO:root:Program completed successfully.
INFO:root:Program started at 2023-01-30 22:50:20.647996
INFO:root:Program started at 2023-01-30 22:50:47.678518
INFO:root:Program started at 2023-01-30 22:51:14.058375
INFO:root:Program started at 2023-01-30 22:51:56.202834
INFO:root:Data Saved to the directory:: ../data
INFO:root:Display top 10 rows of data for EURUSD with a date range from 01-01-2002 to 31-12-2020
INFO:root:Start inserting data into eurusd_daily
INFO:root:Data insertion completed at 2023-01-30 22:51:58.187618
INFO:root:Program completed successfully.
INFO:root:Program started at 2023-01-30 22:54:54.869136
INFO:root:Data Saved to the directory:: ../data
INFO:root:Display top 10 rows of data for XAUUSD with a date range from 01-01-2002 to 31-12-2020
INFO:root:Start inserting data into xauusd_daily
INFO:root:Data insertion completed at 2023-01-30 22:55:01.285832
INFO:root:Program completed successfully.
INFO:root:Program started at 2023-01-30 23:01:20.884781
INFO:root:Program started at 2023-01-30 23:01:55.426155
INFO:root:Data Saved to the directory:: ../data
INFO:root:Display top 10 rows of data for XAUUSD with a date range from 01-01-2002 to 31-12-2020
INFO:root:Start inserting data into xauusd_daily
INFO:root:Data insertion completed at 2023-01-30 23:02:00.368497
INFO:root:Program completed successfully.
INFO:root:Program started at 2023-01-30 23:02:51.016769
INFO:root:Data Saved to the directory:: ../data
INFO:root:Display top 10 rows of data for EURUSD with a date range from 01-01-2002 to 31-12-2020
INFO:root:Start inserting data into eurusd_daily
INFO:root:Data insertion completed at 2023-01-30 23:02:56.081525
INFO:root:Program completed successfully.
INFO:root:Program started at 2023-01-30 23:26:38.246416
INFO:root:Data Saved to the directory:: ../data
INFO:root:Display top 10 rows of data for GBPJPY with a date range from 01-01-2002 to 31-12-2020
INFO:root:Start inserting data into gbpjpy_daily
INFO:root:Data insertion completed at 2023-01-30 23:26:44.724624
INFO:root:Program completed successfully.
INFO:root:Program started at 2023-01-30 23:38:34.944874
INFO:root:Program started at 2023-01-30 23:39:56.390995
INFO:root:Data Saved to the directory:: ../data
INFO:root:Display top 10 rows of data for GBPJPY with a date range from 01-01-2002 to 31-12-2020
INFO:root:Start inserting data into gbpjpy_daily
INFO:root:Data insertion completed at 2023-01-30 23:39:59.157334
INFO:root:Program completed successfully.
INFO:root:Data Saved to the directory:: ../data
INFO:root:Display top 10 rows of data for EURUSD with a date range from 01-01-2002 to 31-12-2020
INFO:root:Program started at 2023-01-31 22:43:30.756192
INFO:root:Data Saved to the directory:: ../data
INFO:root:Display top 10 rows of data for XAUUSD with a date range from 01-01-2002 to 31-12-2020
INFO:root:Start inserting data into xauusd_daily
INFO:root:Data insertion completed at 2023-01-31 22:43:34.751996
INFO:root:Program completed successfully.
INFO:root:Program started at 2023-02-02 16:18:25.879065
INFO:root:Data Saved to the directory:: ../data
INFO:root:Display top 10 rows of data for XAUUSD with a date range from 01-01-2002 to 31-12-2020
INFO:root:Start inserting data into xauusd_daily
INFO:root:Data insertion completed at 2023-02-02 16:18:31.911624
INFO:root:Program completed successfully.
INFO:root:Data Saved to the directory:: ../data
INFO:root:Display top 10 rows of data for XAUUSD with a date range from 01-01-2002 to 31-12-2020
INFO:root:Data Saved to the directory:: ../data
INFO:root:Display top 10 rows of data for XAUUSD with a date range from 01-01-2002 to 31-12-2020
INFO:root:Data Saved to the directory:: ../data
INFO:root:Display top 10 rows of data for XAUUSD with a date range from 01-01-2002 to 31-12-2020
INFO:root:Data Saved to the directory:: ../data
INFO:root:Display top 10 rows of data for XAUUSD with a date range from 01-01-2002 to 31-12-2004
INFO:root:Data Saved to the directory:: ../data
INFO:root:Display top 10 rows of data for XAUUSD with a date range from 01-01-2002 to 31-12-2004
INFO:root:Data Saved to the directory:: ../data
INFO:root:Display top 10 rows of data for XAUUSD with a date range from 01-01-2002 to 31-12-2004
INFO:root:Data Saved to the directory:: ../data
INFO:root:Display top 10 rows of data for XAUUSD with a date range from 01-01-2002 to 31-12-2004
INFO:root:Data Saved to the directory:: ../data
INFO:root:Display top 10 rows of data for XAUUSD with a date range from 01-01-2002 to 31-12-2004
INFO:root:Total number of records extracted for XAUUSD with a date range from 01-01-2002 to 31-12-2004 is 784
INFO:root:Data Saved to the directory:: ../data
INFO:root:Display top 10 rows of data for XAUUSD with a date range from 01-01-2002 to 31-12-2004
INFO:root:Total number of records extracted for XAUUSD with a date range from 01-01-2002 to 31-12-2004 is : 784 rows
INFO:root:Data Saved to the directory:: ../data
INFO:root:Display top 10 rows of data for XAUUSD with a date range from 01-01-2002 to 31-12-2004
INFO:root:Total number of records extracted for XAUUSD with a date range from 01-01-2002 to 31-12-2004 is : 784 rows
INFO:root:Data Saved to the directory:: ../data
INFO:root:Display top 10 rows of data for XAUUSD with a date range from 01-01-2002 to 31-12-2004
INFO:root:Total number of records extracted for XAUUSD with a date range from 01-01-2002 to 31-12-2004 is : 784 rows
INFO:root:Data Saved to the directory:: ../data
INFO:root:Display top 10 rows of data for XAUUSD with a date range from 01-01-2002 to 31-12-2020
INFO:root:Total number of records extracted for XAUUSD with a date range from 01-01-2002 to 31-12-2020 is : 5068 rows
INFO:root:Program started at 2023-02-13 18:08:01.153636
INFO:root:Program started at 2023-02-13 18:08:09.820197
INFO:root:Program started at 2023-02-13 18:08:40.651985
INFO:root:Program started at 2023-02-13 18:15:03.822207
INFO:root:Program started at 2023-02-13 18:15:28.398976
INFO:root:Program started at 2023-02-13 18:15:59.627793
INFO:root:Program started at 2023-02-13 18:16:32.527516
INFO:root:Program started at 2023-02-13 18:22:13.924436
INFO:root:Data Saved to the directory:: ../data
INFO:root:Display top 10 rows of data for XAUUSD with a date range from 01-01-2002 to 31-12-2020
INFO:root:Total number of records extracted for XAUUSD with a date range from 01-01-2002 to 31-12-2020 is : 5068 rows
INFO:root:Start inserting data into xauusd_daily
INFO:root:Program started at 2023-02-13 18:22:58.525518
INFO:root:Data Saved to the directory:: ../data
INFO:root:Display top 10 rows of data for XAUUSD with a date range from 01-01-2002 to 31-12-2020
INFO:root:Total number of records extracted for XAUUSD with a date range from 01-01-2002 to 31-12-2020 is : 5068 rows
INFO:root:Start inserting data into xauusd_daily
INFO:root:Program started at 2023-02-13 18:36:18.357941
INFO:root:Data Saved to the directory:: ../data
INFO:root:Display top 10 rows of data for XAUUSD with a date range from 01-01-2002 to 31-12-2020
INFO:root:Total number of records extracted for XAUUSD with a date range from 01-01-2002 to 31-12-2020 is : 5068 rows
INFO:root:Start inserting data into xauusd_daily
INFO:root:Program started at 2023-02-13 22:11:59.478596
INFO:root:Data Saved to the directory:: ../data
INFO:root:Display top 10 rows of data for XAUUSD with a date range from 01-01-2002 to 31-12-2020
INFO:root:Total number of records extracted for XAUUSD with a date range from 01-01-2002 to 31-12-2020 is : 5068 rows
INFO:root:Start inserting data into xauusd_daily
INFO:root:Program started at 2023-02-13 23:55:08.885317
INFO:root:Program started at 2023-02-13 23:55:51.496980
INFO:root:Data Saved to the directory:: ../data
INFO:root:Display top 10 rows of data for XAUUSD with a date range from 01-01-2002 to 31-12-2020
INFO:root:Total number of records extracted for XAUUSD with a date range from 01-01-2002 to 31-12-2020 is : 5068 rows
INFO:root:Start inserting data into name
INFO:root:Program started at 2023-02-13 23:56:05.329681
INFO:root:Data Saved to the directory:: ../data
INFO:root:Display top 10 rows of data for XAUUSD with a date range from 01-01-2002 to 31-12-2020
INFO:root:Total number of records extracted for XAUUSD with a date range from 01-01-2002 to 31-12-2020 is : 5068 rows
INFO:root:Start inserting data into name
INFO:root:Program started at 2023-02-13 23:58:09.356964
INFO:root:Data Saved to the directory:: ../data
INFO:root:Display top 10 rows of data for XAUUSD with a date range from 01-01-2002 to 31-12-2020
INFO:root:Total number of records extracted for XAUUSD with a date range from 01-01-2002 to 31-12-2020 is : 5068 rows
INFO:root:Start inserting data into xauusd_daily
INFO:root:Program started at 2023-02-14 00:03:29.098690
INFO:root:Data Saved to the directory:: ../data
INFO:root:Display top 10 rows of data for XAUUSD with a date range from 01-01-2002 to 31-12-2020
INFO:root:Total number of records extracted for XAUUSD with a date range from 01-01-2002 to 31-12-2020 is : 5068 rows
INFO:root:Start inserting data into xauusd_daily
INFO:root:Program started at 2023-02-14 00:09:39.712600
INFO:root:Program started at 2023-02-14 00:09:59.086750
INFO:root:Data Saved to the directory:: ../data
INFO:root:Display top 10 rows of data for XAUUSD with a date range from 01-01-2002 to 31-12-2020
INFO:root:Total number of records extracted for XAUUSD with a date range from 01-01-2002 to 31-12-2020 is : 5068 rows
INFO:root:Start inserting data into xauusd_daily
INFO:root:Program started at 2023-02-14 00:19:40.419888
INFO:root:Data Saved to the directory:: ../data
INFO:root:Display top 10 rows of data for XAUUSD with a date range from 01-01-2002 to 31-12-2020
INFO:root:Total number of records extracted for XAUUSD with a date range from 01-01-2002 to 31-12-2020 is : 5068 rows
INFO:root:Start inserting data into xauusd_daily
INFO:root:Program started at 2023-02-14 00:36:11.344403
INFO:root:Data Saved to the directory:: ../data
INFO:root:Display top 10 rows of data for XAUUSD with a date range from 01-01-2002 to 31-12-2020
INFO:root:Total number of records extracted for XAUUSD with a date range from 01-01-2002 to 31-12-2020 is : 5068 rows
INFO:root:Start inserting data into xauusd_daily
INFO:root:Program started at 2023-02-14 00:59:16.419714
INFO:root:Data Saved to the directory:: ../data
INFO:root:Display top 10 rows of data for XAUUSD with a date range from 01-01-2002 to 31-12-2020
INFO:root:Total number of records extracted for XAUUSD with a date range from 01-01-2002 to 31-12-2020 is : 5068 rows
INFO:root:Start inserting data into xauusd_daily
INFO:root:Program started at 2023-02-14 01:03:51.038002
INFO:root:Data Saved to the directory:: ../data
INFO:root:Display top 10 rows of data for XAUUSD with a date range from 01-01-2002 to 31-12-2020
INFO:root:Total number of records extracted for XAUUSD with a date range from 01-01-2002 to 31-12-2020 is : 5068 rows
INFO:root:Start inserting data into xauusd_daily
INFO:root:Program started at 2023-02-14 01:05:23.291035
INFO:root:Data Saved to the directory:: ../data
INFO:root:Display top 10 rows of data for XAUUSD with a date range from 01-01-2002 to 31-12-2020
INFO:root:Total number of records extracted for XAUUSD with a date range from 01-01-2002 to 31-12-2020 is : 5068 rows
INFO:root:Start inserting data into xauusd_daily
INFO:root:Program started at 2023-02-14 01:06:13.072907
INFO:root:Data Saved to the directory:: ../data
INFO:root:Display top 10 rows of data for XAUUSD with a date range from 01-01-2002 to 31-12-2020
INFO:root:Total number of records extracted for XAUUSD with a date range from 01-01-2002 to 31-12-2020 is : 5068 rows
INFO:root:Start inserting data into xauusd_daily
INFO:root:Program started at 2023-02-14 01:13:54.976785
INFO:root:Data Saved to the directory:: ../data
INFO:root:Display top 10 rows of data for XAUUSD with a date range from 01-01-2002 to 31-12-2020
INFO:root:Total number of records extracted for XAUUSD with a date range from 01-01-2002 to 31-12-2020 is : 5068 rows
INFO:root:Start inserting data into xauusd_daily
INFO:root:Program started at 2023-02-14 01:14:10.902031
INFO:root:Data Saved to the directory:: ../data
INFO:root:Display top 10 rows of data for XAUUSD with a date range from 01-01-2002 to 31-12-2020
INFO:root:Total number of records extracted for XAUUSD with a date range from 01-01-2002 to 31-12-2020 is : 5068 rows
INFO:root:Start inserting data into xauusd_daily
INFO:root:Program started at 2023-02-14 01:16:00.132732
INFO:root:Data Saved to the directory:: ../data
INFO:root:Display top 10 rows of data for XAUUSD with a date range from 01-01-2002 to 31-12-2020
INFO:root:Total number of records extracted for XAUUSD with a date range from 01-01-2002 to 31-12-2020 is : 5068 rows
INFO:root:Start inserting data into xauusd_daily
INFO:root:Program started at 2023-02-14 01:16:27.753475
INFO:root:Data Saved to the directory:: ../data
INFO:root:Display top 10 rows of data for XAUUSD with a date range from 01-01-2002 to 31-12-2020
INFO:root:Total number of records extracted for XAUUSD with a date range from 01-01-2002 to 31-12-2020 is : 5068 rows
INFO:root:Start inserting data into xauusd_daily
INFO:root:Program started at 2023-02-14 01:26:27.950104
INFO:root:Data Saved to the directory:: ../data
INFO:root:Display top 10 rows of data for XAUUSD with a date range from 01-01-2002 to 31-12-2020
INFO:root:Total number of records extracted for XAUUSD with a date range from 01-01-2002 to 31-12-2020 is : 5068 rows
INFO:root:Start inserting data into xauusd_daily
INFO:root:Data insertion completed at 2023-02-14 01:26:28.840700
INFO:root:Program completed successfully.
INFO:root:Program started at 2023-02-14 01:30:58.275175
INFO:root:Data Saved to the directory:: ../data
INFO:root:Display top 10 rows of data for XAUUSD with a date range from 01-01-2002 to 31-12-2020
INFO:root:Total number of records extracted for XAUUSD with a date range from 01-01-2002 to 31-12-2020 is : 5068 rows
INFO:root:Start inserting data into xauusd_daily
INFO:root:Program started at 2023-02-14 01:33:14.308764
INFO:root:Data Saved to the directory:: ../data
INFO:root:Display top 10 rows of data for XAUUSD with a date range from 01-01-2002 to 31-12-2020
INFO:root:Total number of records extracted for XAUUSD with a date range from 01-01-2002 to 31-12-2020 is : 5068 rows
INFO:root:Start inserting data into xauusd_daily
INFO:root:Program started at 2023-02-14 01:35:43.477808
INFO:root:Data Saved to the directory:: ../data
INFO:root:Display top 10 rows of data for XAUUSD with a date range from 01-01-2002 to 31-12-2020
INFO:root:Total number of records extracted for XAUUSD with a date range from 01-01-2002 to 31-12-2020 is : 5068 rows
INFO:root:Start inserting data into xauusd_daily
INFO:root:Program started at 2023-02-14 01:40:06.143310
INFO:root:Data Saved to the directory:: ../data
INFO:root:Display top 10 rows of data for XAUUSD with a date range from 01-01-2002 to 31-12-2020
INFO:root:Total number of records extracted for XAUUSD with a date range from 01-01-2002 to 31-12-2020 is : 5068 rows
INFO:root:Start inserting data into xauusd_daily
INFO:root:Program started at 2023-02-14 01:41:30.461173
INFO:root:Data Saved to the directory:: ../data
INFO:root:Display top 10 rows of data for XAUUSD with a date range from 01-01-2002 to 31-12-2020
INFO:root:Total number of records extracted for XAUUSD with a date range from 01-01-2002 to 31-12-2020 is : 5068 rows
INFO:root:Start inserting data into xauusd_daily
INFO:root:Program started at 2023-02-14 01:42:37.866861
INFO:root:Data Saved to the directory:: ../data
INFO:root:Display top 10 rows of data for XAUUSD with a date range from 01-01-2002 to 31-12-2020
INFO:root:Total number of records extracted for XAUUSD with a date range from 01-01-2002 to 31-12-2020 is : 5068 rows
INFO:root:Start inserting data into xauusd_daily
INFO:root:Data insertion completed at 2023-02-14 01:42:38.816601
INFO:root:Program completed successfully.
INFO:root:Program started at 2023-02-14 01:43:21.116440
INFO:root:Data Saved to the directory:: ../data
INFO:root:Display top 10 rows of data for XAUUSD with a date range from 01-01-2002 to 31-12-2020
INFO:root:Total number of records extracted for XAUUSD with a date range from 01-01-2002 to 31-12-2020 is : 5068 rows
INFO:root:Start inserting data into xauusd_daily
INFO:root:Data insertion completed at 2023-02-14 01:43:22.054814
INFO:root:Program completed successfully.
INFO:root:Program started at 2023-02-14 01:44:40.731240
INFO:root:Data Saved to the directory:: ../data
INFO:root:Display top 10 rows of data for XAUUSD with a date range from 01-01-2002 to 31-12-2020
INFO:root:Total number of records extracted for XAUUSD with a date range from 01-01-2002 to 31-12-2020 is : 11451 rows
INFO:root:Start inserting data into xauusd_4 hour
INFO:root:Data insertion completed at 2023-02-14 01:44:41.928785
INFO:root:Program completed successfully.
INFO:root:Program started at 2023-02-14 01:47:17.736499
INFO:root:Data Saved to the directory:: ../data
INFO:root:Display top 10 rows of data for XAUUSD with a date range from 01-01-2002 to 31-12-2020
INFO:root:Total number of records extracted for XAUUSD with a date range from 01-01-2002 to 31-12-2020 is : 11451 rows
INFO:root:Start inserting data into xauusd_4hour
INFO:root:Data insertion completed at 2023-02-14 01:47:19.796163
INFO:root:Program completed successfully.
INFO:root:Program started at 2023-02-14 01:48:07.668672
INFO:root:Data Saved to the directory:: ../data
INFO:root:Display top 10 rows of data for XAUUSD with a date range from 01-01-2002 to 31-12-2020
INFO:root:Total number of records extracted for XAUUSD with a date range from 01-01-2002 to 31-12-2020 is : 5068 rows
INFO:root:Start inserting data into xauusd_daily
INFO:root:Data insertion completed at 2023-02-14 01:48:08.634839
INFO:root:Program completed successfully.
INFO:root:Program started at 2023-02-14 01:48:15.898232
INFO:root:Data Saved to the directory:: ../data
INFO:root:Display top 10 rows of data for XAUUSD with a date range from 01-01-2002 to 31-12-2020
INFO:root:Total number of records extracted for XAUUSD with a date range from 01-01-2002 to 31-12-2020 is : 5068 rows
INFO:root:Start inserting data into xauusd_daily
INFO:root:Data insertion completed at 2023-02-14 01:48:16.839537
INFO:root:Program completed successfully.
INFO:root:Program started at 2023-02-14 01:49:16.475600
INFO:root:Data Saved to the directory:: ../data
INFO:root:Display top 10 rows of data for XAUUSD with a date range from 01-01-2002 to 31-12-2020
INFO:root:Total number of records extracted for XAUUSD with a date range from 01-01-2002 to 31-12-2020 is : 5068 rows
INFO:root:Start inserting data into xauusd_daily
INFO:root:Data insertion completed at 2023-02-14 01:49:17.424801
INFO:root:Program completed successfully.
INFO:root:Program started at 2023-02-14 13:04:34.167807
INFO:root:Data Saved to the directory:: ../data
INFO:root:Display top 10 rows of data for XAUUSD with a date range from 01-01-2002 to 31-12-2020
INFO:root:Total number of records extracted for XAUUSD with a date range from 01-01-2002 to 31-12-2020 is : 5068 rows
INFO:root:Start inserting data into xauusd_daily
INFO:root:Data insertion completed at 2023-02-14 13:04:38.221916
INFO:root:Program completed successfully.
INFO:root:Program started at 2023-02-21 15:10:33.078517
INFO:root:Program started at 2023-02-21 15:11:10.586979
INFO:root:Program started at 2023-02-21 15:14:41.264599
INFO:root:Program started at 2023-02-21 15:28:47.409898
INFO:root:Program started at 2023-02-21 15:44:45.891567
INFO:root:Program started at 2023-02-21 17:16:46.786619
INFO:root:Data Saved to the directory:: ../data
INFO:root:Display top 10 rows of data for XAUUSD with a date range from 01-01-2002 to 31-12-2020
INFO:root:Total number of records extracted for XAUUSD with a date range from 01-01-2002 to 31-12-2020 is : 5068 rows
INFO:root:Program started at 2023-02-21 17:20:09.772572
INFO:root:Program started at 2023-02-28 08:17:27.447078
INFO:root:Program started at 2023-02-28 08:17:53.124247
INFO:root:Data Saved to the directory:: ../data
INFO:root:Display top 10 rows of data for XAUUSD with a date range from 01-01-2002 to 31-12-2020
INFO:root:Total number of records extracted for XAUUSD with a date range from 01-01-2002 to 31-12-2020 is : 5068 rows
INFO:root:Start inserting data into xauusd_daily
INFO:root:Data insertion completed at 2023-02-28 08:17:57.487941
INFO:root:Program completed successfully.
INFO:root:Program started at 2023-02-28 08:21:29.762294
INFO:root:Data Saved to the directory:: ../data
INFO:root:Display top 10 rows of data for XAUUSD with a date range from 01-01-2002 to 31-12-2020
INFO:root:Total number of records extracted for XAUUSD with a date range from 01-01-2002 to 31-12-2020 is : 5068 rows
INFO:root:Start inserting data into xauusd_daily
INFO:root:Data insertion completed at 2023-02-28 08:21:32.734098
INFO:root:Program completed successfully.
INFO:root:Program started at 2023-03-25 10:31:08.345563
INFO:root:Program started at 2023-03-25 10:31:34.021033
INFO:root:Data Saved to the directory:: ../data
INFO:root:Display top 10 rows of data for XAUUSD with a date range from 01-01-2002 to 31-12-2020
INFO:root:Total number of records extracted for XAUUSD with a date range from 01-01-2002 to 31-12-2020 is : 5068 rows
INFO:root:Start inserting data into xauusd_daily
INFO:root:Data insertion completed at 2023-03-25 10:31:39.839751
INFO:root:Program completed successfully.
INFO:root:Program started at 2023-03-25 10:49:28.848090
INFO:root:Data Saved to the directory:: ../data
INFO:root:Display top 10 rows of data for XAUUSD with a date range from 01-01-2002 to 31-12-2020
INFO:root:Total number of records extracted for XAUUSD with a date range from 01-01-2002 to 31-12-2020 is : 5068 rows
INFO:root:Start inserting data into xauusd_daily
INFO:root:Data insertion completed at 2023-03-25 10:49:32.875997
INFO:root:Program completed successfully.
INFO:root:Program started at 2023-03-25 10:52:37.117459
INFO:root:Data Saved to the directory:: ../data
INFO:root:Display top 10 rows of data for XAUUSD with a date range from 01-01-2002 to 31-12-2020
INFO:root:Total number of records extracted for XAUUSD with a date range from 01-01-2002 to 31-12-2020 is : 5068 rows
INFO:root:Start inserting data into xauusd_daily
INFO:root:Data insertion completed at 2023-03-25 10:52:40.169426
INFO:root:Program completed successfully.
INFO:root:Program started at 2023-03-25 11:47:48.781239
INFO:root:Program started at 2023-03-25 11:48:08.138102
INFO:root:Data Saved to the directory:: ../data
INFO:root:Display top 10 rows of data for XAUUSD with a date range from 01-01-2002 to 31-12-2020
INFO:root:Total number of records extracted for XAUUSD with a date range from 01-01-2002 to 31-12-2020 is : 5068 rows
INFO:root:Start inserting data into xauusd_daily
INFO:root:Data insertion completed at 2023-03-25 11:48:12.230549
INFO:root:Program completed successfully.
INFO:root:Program started at 2023-03-26 21:11:41.213838
INFO:root:Program started at 2023-03-26 21:11:45.646270
INFO:root:Program started at 2023-03-26 21:12:09.892206
INFO:root:Data Saved to the directory:: ../data
INFO:root:Display top 10 rows of data for XAUUSD with a date range from 01-01-2002 to 31-12-2020
INFO:root:Total number of records extracted for XAUUSD with a date range from 01-01-2002 to 31-12-2020 is : 5068 rows
INFO:root:Start inserting data into xauusd_daily
INFO:root:Data insertion completed at 2023-03-26 21:12:13.884893
INFO:root:Program completed successfully.
INFO:root:Program started at 2023-04-27 23:13:28.602477
INFO:root:Data Saved to the directory:: ../data
INFO:root:Display top 10 rows of data for XAUUSD with a date range from 01-01-2002 to 31-12-2020
INFO:root:Total number of records extracted for XAUUSD with a date range from 01-01-2002 to 31-12-2020 is : 5068 rows
INFO:root:Start inserting data into xauusd_daily
INFO:root:Data insertion completed at 2023-04-27 23:13:38.802167
INFO:root:Program completed successfully.
INFO:root:Program started at 2023-05-09 20:53:33.053400
INFO:root:Data Saved to the directory:: ../data
INFO:root:Display top 10 rows of data for XAUUSD with a date range from 01-01-2002 to 31-12-2020
INFO:root:Total number of records extracted for XAUUSD with a date range from 01-01-2002 to 31-12-2020 is : 5068 rows
INFO:root:Start inserting data into xauusd_daily
INFO:root:Data insertion completed at 2023-05-09 20:53:38.331762
INFO:root:Program completed successfully.
INFO:root:Program started at 2023-05-30 23:37:29.384800
INFO:root:Data Saved to the directory:: ../data
INFO:root:Display top 10 rows of data for XAUUSD with a date range from 01-01-2002 to 31-12-2020
INFO:root:Total number of records extracted for XAUUSD with a date range from 01-01-2002 to 31-12-2020 is : 5068 rows
INFO:root:Start inserting data into xauusd_daily
INFO:root:Data insertion completed at 2023-05-30 23:37:35.463024
INFO:root:Program completed successfully.
INFO:root:Program started at 2023-05-30 23:46:17.300752
INFO:root:Data Saved to the directory:: ../data
INFO:root:Display top 10 rows of data for XAUUSD with a date range from 01-01-2002 to 31-12-2020
INFO:root:Total number of records extracted for XAUUSD with a date range from 01-01-2002 to 31-12-2020 is : 5068 rows
INFO:root:Start inserting data into xauusd_daily
INFO:root:Data insertion completed at 2023-05-30 23:46:21.352491
INFO:root:Program completed successfully.
INFO:root:Program started at 2023-05-31 10:46:15.388010
INFO:root:Program started at 2023-05-31 10:46:30.141358
INFO:root:Program started at 2023-05-31 10:48:07.708553
INFO:root:Program started at 2023-05-31 10:51:30.804067
INFO:root:Program started at 2023-05-31 10:51:57.922004
INFO:root:Program started at 2023-05-31 10:52:52.437940
INFO:root:Program started at 2023-05-31 10:53:40.868252
INFO:root:Program started at 2023-05-31 10:54:44.877392
INFO:root:Program started at 2023-05-31 10:56:20.572414
DEBUG:urllib3.connectionpool:Starting new HTTPS connection (1): www.tradingview.com:443
DEBUG:urllib3.connectionpool:https://www.tradingview.com:443 "POST /accounts/signin/ HTTP/1.1" 200 None
DEBUG:root:creating websocket connection
DEBUG:tvDatafeed.main:getting data for OANDA:XAUUSD...
DEBUG:root:creating websocket connection
DEBUG:tvDatafeed.main:getting data for TVC:DXY...
DEBUG:tvDatafeed.main:no volume data
DEBUG:root:creating websocket connection
DEBUG:tvDatafeed.main:getting data for TVC:USOIL...
DEBUG:root:creating websocket connection
DEBUG:tvDatafeed.main:getting data for ECONOMICS:USINTR...
DEBUG:tvDatafeed.main:no volume data
DEBUG:root:creating websocket connection
DEBUG:tvDatafeed.main:getting data for OANDA:SPX500USD...
INFO:root:Program started at 2023-05-31 10:57:58.815332
DEBUG:urllib3.connectionpool:Starting new HTTPS connection (1): www.tradingview.com:443
DEBUG:urllib3.connectionpool:https://www.tradingview.com:443 "POST /accounts/signin/ HTTP/1.1" 200 None
DEBUG:root:creating websocket connection
DEBUG:tvDatafeed.main:getting data for OANDA:XAUUSD...
DEBUG:root:creating websocket connection
DEBUG:tvDatafeed.main:getting data for TVC:DXY...
DEBUG:tvDatafeed.main:no volume data
DEBUG:root:creating websocket connection
DEBUG:tvDatafeed.main:getting data for TVC:USOIL...
DEBUG:root:creating websocket connection
DEBUG:tvDatafeed.main:getting data for ECONOMICS:USINTR...
DEBUG:tvDatafeed.main:no volume data
DEBUG:root:creating websocket connection
DEBUG:tvDatafeed.main:getting data for OANDA:SPX500USD...
INFO:root:Program started at 2023-05-31 10:59:12.443264
DEBUG:urllib3.connectionpool:Starting new HTTPS connection (1): www.tradingview.com:443
DEBUG:urllib3.connectionpool:https://www.tradingview.com:443 "POST /accounts/signin/ HTTP/1.1" 200 None
DEBUG:root:creating websocket connection
DEBUG:tvDatafeed.main:getting data for OANDA:XAUUSD...
DEBUG:root:creating websocket connection
DEBUG:tvDatafeed.main:getting data for TVC:DXY...
DEBUG:tvDatafeed.main:no volume data
DEBUG:root:creating websocket connection
DEBUG:tvDatafeed.main:getting data for TVC:USOIL...
DEBUG:root:creating websocket connection
DEBUG:tvDatafeed.main:getting data for ECONOMICS:USINTR...
DEBUG:tvDatafeed.main:no volume data
DEBUG:root:creating websocket connection
DEBUG:tvDatafeed.main:getting data for OANDA:SPX500USD...
INFO:root:Start inserting data into xauusd_data
INFO:root:Data insertion completed at 2023-05-31 10:59:17.778544
INFO:root:Program completed successfully.
INFO:root:Start inserting data into dxy_data
INFO:root:Data insertion completed at 2023-05-31 10:59:18.381971
INFO:root:Program completed successfully.
INFO:root:Start inserting data into usoil_data
INFO:root:Data insertion completed at 2023-05-31 10:59:19.105235
INFO:root:Program completed successfully.
INFO:root:Start inserting data into usintr_data
INFO:root:Data insertion completed at 2023-05-31 10:59:19.395421
INFO:root:Program completed successfully.
INFO:root:Start inserting data into spx500usd_data
INFO:root:Data insertion completed at 2023-05-31 10:59:19.864793
INFO:root:Program completed successfully.
INFO:root:Program started at 2023-05-31 11:01:51.426996
INFO:root:Program started at 2023-05-31 11:04:44.011921
INFO:root:Program started at 2023-05-31 11:11:26.326779
INFO:root:Program started at 2023-05-31 11:12:17.750291
DEBUG:urllib3.connectionpool:Starting new HTTPS connection (1): www.tradingview.com:443
DEBUG:urllib3.connectionpool:https://www.tradingview.com:443 "POST /accounts/signin/ HTTP/1.1" 200 None
DEBUG:root:creating websocket connection
DEBUG:tvDatafeed.main:getting data for OANDA:XAUUSD...
DEBUG:root:creating websocket connection
DEBUG:tvDatafeed.main:getting data for TVC:DXY...
DEBUG:tvDatafeed.main:no volume data
DEBUG:root:creating websocket connection
DEBUG:tvDatafeed.main:getting data for TVC:USOIL...
DEBUG:root:creating websocket connection
DEBUG:tvDatafeed.main:getting data for ECONOMICS:USINTR...
DEBUG:tvDatafeed.main:no volume data
DEBUG:root:creating websocket connection
DEBUG:tvDatafeed.main:getting data for OANDA:SPX500USD...
INFO:root:Start inserting data into xauusd_data
INFO:root:Data insertion completed at 2023-05-31 11:12:23.602122
INFO:root:Program completed successfully.
INFO:root:Start inserting data into dxy_data
INFO:root:Data insertion completed at 2023-05-31 11:12:24.246399
INFO:root:Program completed successfully.
INFO:root:Start inserting data into usoil_data
INFO:root:Data insertion completed at 2023-05-31 11:12:25.123571
INFO:root:Program completed successfully.
INFO:root:Start inserting data into usintr_data
INFO:root:Data insertion completed at 2023-05-31 11:12:25.522171
INFO:root:Program completed successfully.
INFO:root:Start inserting data into spx500usd_data
INFO:root:Data insertion completed at 2023-05-31 11:12:26.103553
INFO:root:Program completed successfully.
INFO:root:Program started at 2023-05-31 11:14:56.076092
DEBUG:urllib3.connectionpool:Starting new HTTPS connection (1): www.tradingview.com:443
DEBUG:urllib3.connectionpool:https://www.tradingview.com:443 "POST /accounts/signin/ HTTP/1.1" 200 None
DEBUG:root:creating websocket connection
DEBUG:tvDatafeed.main:getting data for OANDA:XAUUSD...
DEBUG:root:creating websocket connection
DEBUG:tvDatafeed.main:getting data for TVC:DXY...
DEBUG:tvDatafeed.main:no volume data
DEBUG:root:creating websocket connection
DEBUG:tvDatafeed.main:getting data for TVC:USOIL...
DEBUG:root:creating websocket connection
DEBUG:tvDatafeed.main:getting data for ECONOMICS:USINTR...
DEBUG:tvDatafeed.main:no volume data
DEBUG:root:creating websocket connection
DEBUG:tvDatafeed.main:getting data for OANDA:SPX500USD...
INFO:root:Program started at 2023-05-31 11:16:20.014333
DEBUG:urllib3.connectionpool:Starting new HTTPS connection (1): www.tradingview.com:443
DEBUG:urllib3.connectionpool:https://www.tradingview.com:443 "POST /accounts/signin/ HTTP/1.1" 200 None
DEBUG:root:creating websocket connection
DEBUG:tvDatafeed.main:getting data for OANDA:XAUUSD...
DEBUG:root:creating websocket connection
DEBUG:tvDatafeed.main:getting data for TVC:DXY...
DEBUG:tvDatafeed.main:no volume data
DEBUG:root:creating websocket connection
DEBUG:tvDatafeed.main:getting data for TVC:USOIL...
DEBUG:root:creating websocket connection
DEBUG:tvDatafeed.main:getting data for ECONOMICS:USINTR...
DEBUG:tvDatafeed.main:no volume data
DEBUG:root:creating websocket connection
DEBUG:tvDatafeed.main:getting data for OANDA:SPX500USD...
INFO:root:Start inserting data into xauusd_data
INFO:root:Data insertion completed at 2023-05-31 11:16:25.631025
INFO:root:Program completed successfully.
INFO:root:Start inserting data into dxy_data
INFO:root:Data insertion completed at 2023-05-31 11:16:26.331238
INFO:root:Program completed successfully.
INFO:root:Start inserting data into usoil_data
INFO:root:Data insertion completed at 2023-05-31 11:16:26.961595
INFO:root:Program completed successfully.
INFO:root:Start inserting data into usintr_data
INFO:root:Data insertion completed at 2023-05-31 11:16:27.252233
INFO:root:Program completed successfully.
INFO:root:Start inserting data into spx500usd_data
INFO:root:Data insertion completed at 2023-05-31 11:16:27.718641
INFO:root:Program completed successfully.
INFO:root:Program started at 2023-09-04 19:11:51.579777
INFO:root:Data Saved to the directory:: ../data
INFO:root:Display top 10 rows of data for XAUUSD with a date range from 01-01-2002 to 31-12-2020
INFO:root:Total number of records extracted for XAUUSD with a date range from 01-01-2002 to 31-12-2020 is : 5068 rows
INFO:root:Start inserting data into xauusd_daily
INFO:root:Data insertion completed at 2023-09-04 19:11:57.100013
INFO:root:Program completed successfully.
INFO:root:Program started at 2023-09-15 17:45:10.129902
DEBUG:urllib3.connectionpool:Starting new HTTPS connection (1): www.tradingview.com:443
DEBUG:urllib3.connectionpool:https://www.tradingview.com:443 "POST /accounts/signin/ HTTP/1.1" 200 108
ERROR:tvDatafeed.main:error while signin
WARNING:tvDatafeed.main:you are using nologin method, data you access may be limited
DEBUG:root:creating websocket connection
DEBUG:tvDatafeed.main:getting data for OANDA:XAUUSD...
DEBUG:root:creating websocket connection
DEBUG:tvDatafeed.main:getting data for TVC:DXY...
DEBUG:tvDatafeed.main:no volume data
DEBUG:root:creating websocket connection
DEBUG:tvDatafeed.main:getting data for TVC:USOIL...
DEBUG:root:creating websocket connection
DEBUG:tvDatafeed.main:getting data for ECONOMICS:USINTR...
DEBUG:tvDatafeed.main:no volume data
DEBUG:root:creating websocket connection
DEBUG:tvDatafeed.main:getting data for OANDA:SPX500USD...
INFO:root:Start inserting data into xauusd_data
INFO:root:Data insertion completed at 2023-09-15 17:45:14.976274
INFO:root:Program completed successfully.
INFO:root:Start inserting data into dxy_data
INFO:root:Data insertion completed at 2023-09-15 17:45:15.595601
INFO:root:Program completed successfully.
INFO:root:Start inserting data into usoil_data
INFO:root:Data insertion completed at 2023-09-15 17:45:16.228734
INFO:root:Program completed successfully.
INFO:root:Start inserting data into usintr_data
INFO:root:Data insertion completed at 2023-09-15 17:45:16.523259
INFO:root:Program completed successfully.
INFO:root:Start inserting data into spx500usd_data
INFO:root:Data insertion completed at 2023-09-15 17:45:17.122574
INFO:root:Program completed successfully.
