INFO:root:Program started at 2023-09-15 09:25:36.086478
DEBUG:urllib3.connectionpool:Starting new HTTPS connection (1): www.tradingview.com:443
DEBUG:urllib3.connectionpool:https://www.tradingview.com:443 "POST /accounts/signin/ HTTP/1.1" 200 69
ERROR:tvDatafeed.main:error while signin
WARNING:tvDatafeed.main:you are using nologin method, data you access may be limited
DEBUG:root:creating websocket connection
DEBUG:tvDatafeed.main:getting data for OANDA:XAUUSD...
DEBUG:root:creating websocket connection
DEBUG:tvDatafeed.main:getting data for TVC:DXY...
DEBUG:tvDatafeed.main:no volume data
DEBUG:root:creating websocket connection
DEBUG:tvDatafeed.main:getting data for TVC:USOIL...
DEBUG:root:creating websocket connection
DEBUG:tvDatafeed.main:getting data for ECONOMICS:USINTR...
DEBUG:tvDatafeed.main:no volume data
DEBUG:root:creating websocket connection
DEBUG:tvDatafeed.main:getting data for OANDA:SPX500USD...
INFO:root:Program started at 2023-09-15 09:27:26.668649
DEBUG:urllib3.connectionpool:Starting new HTTPS connection (1): www.tradingview.com:443
DEBUG:urllib3.connectionpool:https://www.tradingview.com:443 "POST /accounts/signin/ HTTP/1.1" 200 None
DEBUG:root:creating websocket connection
DEBUG:tvDatafeed.main:getting data for OANDA:XAUUSD...
DEBUG:root:creating websocket connection
DEBUG:tvDatafeed.main:getting data for TVC:DXY...
DEBUG:tvDatafeed.main:no volume data
DEBUG:root:creating websocket connection
DEBUG:tvDatafeed.main:getting data for TVC:USOIL...
DEBUG:root:creating websocket connection
DEBUG:tvDatafeed.main:getting data for ECONOMICS:USINTR...
DEBUG:tvDatafeed.main:no volume data
DEBUG:root:creating websocket connection
DEBUG:tvDatafeed.main:getting data for OANDA:SPX500USD...
INFO:root:Program started at 2023-09-15 09:33:23.139786
DEBUG:urllib3.connectionpool:Starting new HTTPS connection (1): www.tradingview.com:443
DEBUG:urllib3.connectionpool:https://www.tradingview.com:443 "POST /accounts/signin/ HTTP/1.1" 200 None
DEBUG:root:creating websocket connection
DEBUG:tvDatafeed.main:getting data for OANDA:XAUUSD...
DEBUG:root:creating websocket connection
DEBUG:tvDatafeed.main:getting data for TVC:DXY...
DEBUG:tvDatafeed.main:no volume data
DEBUG:root:creating websocket connection
DEBUG:tvDatafeed.main:getting data for TVC:USOIL...
DEBUG:root:creating websocket connection
DEBUG:tvDatafeed.main:getting data for ECONOMICS:USINTR...
DEBUG:tvDatafeed.main:no volume data
DEBUG:root:creating websocket connection
DEBUG:tvDatafeed.main:getting data for OANDA:SPX500USD...
INFO:root:Program started at 2023-09-15 09:39:18.442622
INFO:root:Program started at 2023-09-15 09:39:51.977790
DEBUG:urllib3.connectionpool:Starting new HTTPS connection (1): www.tradingview.com:443
DEBUG:urllib3.connectionpool:https://www.tradingview.com:443 "POST /accounts/signin/ HTTP/1.1" 200 None
DEBUG:root:creating websocket connection
DEBUG:tvDatafeed.main:getting data for OANDA:XAUUSD...
DEBUG:root:creating websocket connection
DEBUG:tvDatafeed.main:getting data for TVC:DXY...
DEBUG:tvDatafeed.main:no volume data
DEBUG:root:creating websocket connection
DEBUG:tvDatafeed.main:getting data for TVC:USOIL...
DEBUG:root:creating websocket connection
DEBUG:tvDatafeed.main:getting data for ECONOMICS:USINTR...
DEBUG:tvDatafeed.main:no volume data
DEBUG:root:creating websocket connection
DEBUG:tvDatafeed.main:getting data for OANDA:SPX500USD...
INFO:root:Program started at 2023-09-15 09:41:57.535110
DEBUG:urllib3.connectionpool:Starting new HTTPS connection (1): www.tradingview.com:443
DEBUG:urllib3.connectionpool:https://www.tradingview.com:443 "POST /accounts/signin/ HTTP/1.1" 200 None
DEBUG:root:creating websocket connection
DEBUG:tvDatafeed.main:getting data for OANDA:XAUUSD...
DEBUG:root:creating websocket connection
DEBUG:tvDatafeed.main:getting data for TVC:DXY...
DEBUG:tvDatafeed.main:no volume data
DEBUG:root:creating websocket connection
DEBUG:tvDatafeed.main:getting data for TVC:USOIL...
DEBUG:root:creating websocket connection
DEBUG:tvDatafeed.main:getting data for ECONOMICS:USINTR...
DEBUG:tvDatafeed.main:no volume data
DEBUG:root:creating websocket connection
DEBUG:tvDatafeed.main:getting data for OANDA:SPX500USD...
INFO:root:Program started at 2023-09-15 09:43:06.584022
DEBUG:urllib3.connectionpool:Starting new HTTPS connection (1): www.tradingview.com:443
DEBUG:urllib3.connectionpool:https://www.tradingview.com:443 "POST /accounts/signin/ HTTP/1.1" 200 None
DEBUG:root:creating websocket connection
DEBUG:tvDatafeed.main:getting data for OANDA:XAUUSD...
DEBUG:root:creating websocket connection
DEBUG:tvDatafeed.main:getting data for TVC:DXY...
DEBUG:tvDatafeed.main:no volume data
DEBUG:root:creating websocket connection
DEBUG:tvDatafeed.main:getting data for TVC:USOIL...
DEBUG:root:creating websocket connection
DEBUG:tvDatafeed.main:getting data for ECONOMICS:USINTR...
DEBUG:tvDatafeed.main:no volume data
DEBUG:root:creating websocket connection
DEBUG:tvDatafeed.main:getting data for OANDA:SPX500USD...
INFO:root:Program started at 2023-09-15 09:44:03.389770
DEBUG:urllib3.connectionpool:Starting new HTTPS connection (1): www.tradingview.com:443
DEBUG:urllib3.connectionpool:https://www.tradingview.com:443 "POST /accounts/signin/ HTTP/1.1" 200 108
ERROR:tvDatafeed.main:error while signin
WARNING:tvDatafeed.main:you are using nologin method, data you access may be limited
DEBUG:root:creating websocket connection
DEBUG:tvDatafeed.main:getting data for OANDA:XAUUSD...
DEBUG:root:creating websocket connection
DEBUG:tvDatafeed.main:getting data for TVC:DXY...
DEBUG:tvDatafeed.main:no volume data
DEBUG:root:creating websocket connection
DEBUG:tvDatafeed.main:getting data for TVC:USOIL...
DEBUG:root:creating websocket connection
DEBUG:tvDatafeed.main:getting data for ECONOMICS:USINTR...
DEBUG:tvDatafeed.main:no volume data
DEBUG:root:creating websocket connection
DEBUG:tvDatafeed.main:getting data for OANDA:SPX500USD...
INFO:root:Program started at 2023-09-15 09:45:14.725645
DEBUG:urllib3.connectionpool:Starting new HTTPS connection (1): www.tradingview.com:443
DEBUG:urllib3.connectionpool:https://www.tradingview.com:443 "POST /accounts/signin/ HTTP/1.1" 200 108
ERROR:tvDatafeed.main:error while signin
WARNING:tvDatafeed.main:you are using nologin method, data you access may be limited
DEBUG:root:creating websocket connection
DEBUG:tvDatafeed.main:getting data for OANDA:XAUUSD...
DEBUG:root:creating websocket connection
DEBUG:tvDatafeed.main:getting data for TVC:DXY...
DEBUG:tvDatafeed.main:no volume data
DEBUG:root:creating websocket connection
DEBUG:tvDatafeed.main:getting data for TVC:USOIL...
DEBUG:root:creating websocket connection
DEBUG:tvDatafeed.main:getting data for ECONOMICS:USINTR...
DEBUG:tvDatafeed.main:no volume data
DEBUG:root:creating websocket connection
DEBUG:tvDatafeed.main:getting data for OANDA:SPX500USD...
INFO:root:Program started at 2023-09-15 09:48:37.074852
DEBUG:urllib3.connectionpool:Starting new HTTPS connection (1): www.tradingview.com:443
DEBUG:urllib3.connectionpool:https://www.tradingview.com:443 "POST /accounts/signin/ HTTP/1.1" 200 108
ERROR:tvDatafeed.main:error while signin
WARNING:tvDatafeed.main:you are using nologin method, data you access may be limited
DEBUG:root:creating websocket connection
DEBUG:tvDatafeed.main:getting data for OANDA:XAUUSD...
DEBUG:root:creating websocket connection
DEBUG:tvDatafeed.main:getting data for TVC:DXY...
DEBUG:tvDatafeed.main:no volume data
DEBUG:root:creating websocket connection
DEBUG:tvDatafeed.main:getting data for TVC:USOIL...
DEBUG:root:creating websocket connection
DEBUG:tvDatafeed.main:getting data for ECONOMICS:USINTR...
DEBUG:tvDatafeed.main:no volume data
DEBUG:root:creating websocket connection
DEBUG:tvDatafeed.main:getting data for OANDA:SPX500USD...
INFO:root:Program started at 2023-09-15 09:50:04.202588
DEBUG:urllib3.connectionpool:Starting new HTTPS connection (1): www.tradingview.com:443
DEBUG:urllib3.connectionpool:https://www.tradingview.com:443 "POST /accounts/signin/ HTTP/1.1" 200 108
ERROR:tvDatafeed.main:error while signin
WARNING:tvDatafeed.main:you are using nologin method, data you access may be limited
DEBUG:root:creating websocket connection
DEBUG:tvDatafeed.main:getting data for OANDA:XAUUSD...
DEBUG:root:creating websocket connection
DEBUG:tvDatafeed.main:getting data for TVC:DXY...
DEBUG:tvDatafeed.main:no volume data
DEBUG:root:creating websocket connection
DEBUG:tvDatafeed.main:getting data for TVC:USOIL...
DEBUG:root:creating websocket connection
DEBUG:tvDatafeed.main:getting data for ECONOMICS:USINTR...
DEBUG:tvDatafeed.main:no volume data
DEBUG:root:creating websocket connection
DEBUG:tvDatafeed.main:getting data for OANDA:SPX500USD...
INFO:root:Program started at 2023-09-15 09:50:41.083202
DEBUG:urllib3.connectionpool:Starting new HTTPS connection (1): www.tradingview.com:443
DEBUG:urllib3.connectionpool:https://www.tradingview.com:443 "POST /accounts/signin/ HTTP/1.1" 200 108
ERROR:tvDatafeed.main:error while signin
WARNING:tvDatafeed.main:you are using nologin method, data you access may be limited
DEBUG:root:creating websocket connection
DEBUG:tvDatafeed.main:getting data for OANDA:XAUUSD...
DEBUG:root:creating websocket connection
DEBUG:tvDatafeed.main:getting data for TVC:DXY...
DEBUG:tvDatafeed.main:no volume data
DEBUG:root:creating websocket connection
DEBUG:tvDatafeed.main:getting data for TVC:USOIL...
DEBUG:root:creating websocket connection
DEBUG:tvDatafeed.main:getting data for ECONOMICS:USINTR...
DEBUG:tvDatafeed.main:no volume data
DEBUG:root:creating websocket connection
DEBUG:tvDatafeed.main:getting data for OANDA:SPX500USD...
INFO:root:Program started at 2023-09-17 18:31:22.402014
DEBUG:urllib3.connectionpool:Starting new HTTPS connection (1): www.tradingview.com:443
DEBUG:urllib3.connectionpool:https://www.tradingview.com:443 "POST /accounts/signin/ HTTP/1.1" 200 108
ERROR:tvDatafeed.main:error while signin
WARNING:tvDatafeed.main:you are using nologin method, data you access may be limited
DEBUG:root:creating websocket connection
DEBUG:tvDatafeed.main:getting data for OANDA:XAUUSD...
DEBUG:root:creating websocket connection
DEBUG:tvDatafeed.main:getting data for TVC:DXY...
DEBUG:tvDatafeed.main:no volume data
DEBUG:root:creating websocket connection
DEBUG:tvDatafeed.main:getting data for TVC:USOIL...
DEBUG:root:creating websocket connection
DEBUG:tvDatafeed.main:getting data for ECONOMICS:USINTR...
DEBUG:tvDatafeed.main:no volume data
DEBUG:root:creating websocket connection
DEBUG:tvDatafeed.main:getting data for ECONOMICS:USCCPI...
DEBUG:tvDatafeed.main:no volume data
DEBUG:root:creating websocket connection
DEBUG:tvDatafeed.main:getting data for OANDA:SPX500USD...
DEBUG:root:creating websocket connection
DEBUG:tvDatafeed.main:getting data for OANDA:XAUUSD...
DEBUG:root:creating websocket connection
DEBUG:tvDatafeed.main:getting data for TVC:DXY...
DEBUG:tvDatafeed.main:no volume data
DEBUG:root:creating websocket connection
DEBUG:tvDatafeed.main:getting data for TVC:USOIL...
DEBUG:root:creating websocket connection
DEBUG:tvDatafeed.main:getting data for ECONOMICS:USINTR...
DEBUG:tvDatafeed.main:no volume data
DEBUG:root:creating websocket connection
DEBUG:tvDatafeed.main:getting data for ECONOMICS:USCCPI...
DEBUG:tvDatafeed.main:no volume data
DEBUG:root:creating websocket connection
DEBUG:tvDatafeed.main:getting data for OANDA:SPX500USD...
DEBUG:root:creating websocket connection
DEBUG:tvDatafeed.main:getting data for OANDA:XAUUSD...
DEBUG:root:creating websocket connection
DEBUG:tvDatafeed.main:getting data for TVC:DXY...
DEBUG:tvDatafeed.main:no volume data
DEBUG:root:creating websocket connection
DEBUG:tvDatafeed.main:getting data for TVC:USOIL...
DEBUG:root:creating websocket connection
DEBUG:tvDatafeed.main:getting data for ECONOMICS:USINTR...
DEBUG:tvDatafeed.main:no volume data
DEBUG:root:creating websocket connection
DEBUG:tvDatafeed.main:getting data for ECONOMICS:USCCPI...
DEBUG:tvDatafeed.main:no volume data
DEBUG:root:creating websocket connection
DEBUG:tvDatafeed.main:getting data for OANDA:SPX500USD...
DEBUG:root:creating websocket connection
DEBUG:tvDatafeed.main:getting data for OANDA:XAUUSD...
DEBUG:root:creating websocket connection
DEBUG:tvDatafeed.main:getting data for TVC:DXY...
DEBUG:tvDatafeed.main:no volume data
DEBUG:root:creating websocket connection
DEBUG:tvDatafeed.main:getting data for TVC:USOIL...
DEBUG:root:creating websocket connection
DEBUG:tvDatafeed.main:getting data for ECONOMICS:USINTR...
DEBUG:tvDatafeed.main:no volume data
DEBUG:root:creating websocket connection
DEBUG:tvDatafeed.main:getting data for ECONOMICS:USCCPI...
DEBUG:tvDatafeed.main:no volume data
DEBUG:root:creating websocket connection
DEBUG:tvDatafeed.main:getting data for OANDA:SPX500USD...
DEBUG:root:creating websocket connection
DEBUG:tvDatafeed.main:getting data for OANDA:XAUUSD...
DEBUG:root:creating websocket connection
DEBUG:tvDatafeed.main:getting data for TVC:DXY...
DEBUG:tvDatafeed.main:no volume data
DEBUG:root:creating websocket connection
DEBUG:tvDatafeed.main:getting data for TVC:USOIL...
DEBUG:root:creating websocket connection
DEBUG:tvDatafeed.main:getting data for ECONOMICS:USINTR...
DEBUG:tvDatafeed.main:no volume data
DEBUG:root:creating websocket connection
DEBUG:tvDatafeed.main:getting data for ECONOMICS:USCCPI...
DEBUG:tvDatafeed.main:no volume data
DEBUG:root:creating websocket connection
DEBUG:tvDatafeed.main:getting data for OANDA:SPX500USD...
DEBUG:root:creating websocket connection
DEBUG:tvDatafeed.main:getting data for OANDA:XAUUSD...
DEBUG:root:creating websocket connection
DEBUG:tvDatafeed.main:getting data for TVC:DXY...
DEBUG:tvDatafeed.main:no volume data
DEBUG:root:creating websocket connection
DEBUG:tvDatafeed.main:getting data for TVC:USOIL...
DEBUG:root:creating websocket connection
DEBUG:tvDatafeed.main:getting data for ECONOMICS:USINTR...
DEBUG:tvDatafeed.main:no volume data
DEBUG:root:creating websocket connection
DEBUG:tvDatafeed.main:getting data for ECONOMICS:USCCPI...
DEBUG:tvDatafeed.main:no volume data
DEBUG:root:creating websocket connection
DEBUG:tvDatafeed.main:getting data for OANDA:SPX500USD...
INFO:root:Appended new historical data for XAUUSD into the database.
INFO:root:Appended new historical data for DXY into the database.
INFO:root:Appended new historical data for USOIL into the database.
INFO:root:Appended new historical data for USINTR into the database.
INFO:root:Appended new historical data for USCCPI into the database.
INFO:root:Appended new historical data for SPX500USD into the database.
